Arguments: 
  C:\Users\Dexter\nodejs\node.exe C:\Program Files (x86)\Yarn\bin\yarn.js install --force

PATH: 
  C:\Program Files\Common Files\Oracle\Java\javapath;C:\Python311\Scripts\;C:\Python311\;C:\Windows\system32;C:\Windows;C:\Windows\System32\Wbem;C:\Windows\System32\WindowsPowerShell\v1.0\;C:\Windows\System32\OpenSSH\;C:\Users\Dexter\nodejs\;C:\Program Files (x86)\Yarn\bin\;C:\Program Files\Git\cmd;C:\Program Files\Git\mingw64\bin;C:\Program Files\Git\usr\bin;C:\Users\Dexter\flutter;C:\Users\Dexter\flutter\bin;C:\Users\Dexter\Android\AndroidStudio;C:\Users\Dexter\Android\AndroidStudio\bin;C:\Users\Dexter\Android\android-sdk;C:\Users\Dexter\Android\android-sdk\tools;C:\Users\Dexter\Android\android-sdk\build-tools;C:\Users\Dexter\Android\android-sdk\platforms;C:\Users\Dexter\Android\android-sdk\platform-tools;C:\Users\Dexter\Android\android-sdk\cmdline-tools\latest\bin;C:\cmake\bin;C:\Users\Dexter\java\jdk11;C:\Users\Dexter\java\jdk11\bin;C:\Users\Dexter\yt-dlp;C:\Program Files\dotnet\;C:\Users\Dexter\AppData\Local\Microsoft\WindowsApps;C:\VSCode\bin;C:\Users\Dexter\AppData\Roaming\npm;C:\Users\Dexter\AppData\Local\Yarn\bin;C:\Users\Dexter\.dotnet\tools

Yarn version: 
  1.22.19

Node version: 
  18.15.0

Platform: 
  win32 x64

Trace: 
  Error: https://registry.yarnpkg.com/rxjs/-/rxjs-7.8.1.tgz: ESOCKETTIMEDOUT
      at ClientRequest.<anonymous> (C:\Program Files (x86)\Yarn\lib\cli.js:141517:19)
      at Object.onceWrapper (node:events:627:28)
      at ClientRequest.emit (node:events:513:28)
      at TLSSocket.emitRequestTimeout (node:_http_client:848:9)
      at Object.onceWrapper (node:events:627:28)
      at TLSSocket.emit (node:events:525:35)
      at Socket._onTimeout (node:net:570:8)
      at listOnTimeout (node:internal/timers:569:17)
      at process.processTimers (node:internal/timers:512:7)

npm manifest: 
  {
    "dependencies": {
      "react-icons": "^4.12.0",
      "thirdweb": "^0.13.12"
    }
  }

yarn manifest: 
  No manifest

Lockfile: 
  No lockfile
